{
  "stats": {
    "suites": 4,
    "tests": 5,
    "passes": 4,
    "pending": 0,
    "failures": 1,
    "start": "2020-10-21T11:32:48.500Z",
    "end": "2020-10-21T11:34:44.407Z",
    "duration": 85694,
    "testsRegistered": 5,
    "passPercent": 80,
    "pendingPercent": 0,
    "other": 0,
    "hasOther": false,
    "skipped": 0,
    "hasSkipped": false
  },
  "results": [
    {
      "uuid": "6027f318-e206-494c-8e48-1f3e31ad7f33",
      "title": "",
      "fullFile": "cypress\\integration\\UI_Automation_TestCases\\Apply_Employee_Functionality_TestCases\\TC_004_ApplyLeaveFeature.spec.js",
      "file": "cypress\\integration\\UI_Automation_TestCases\\Apply_Employee_Functionality_TestCases\\TC_004_ApplyLeaveFeature.spec.js",
      "beforeHooks": [],
      "afterHooks": [],
      "tests": [],
      "suites": [
        {
          "uuid": "05edf23c-908d-481f-a5a5-caa248d54b10",
          "title": "Apply Leave Functionality of HRM Site",
          "fullFile": "",
          "file": "",
          "beforeHooks": [],
          "afterHooks": [],
          "tests": [
            {
              "title": "Verify Apply Leave Functionality",
              "fullTitle": "Apply Leave Functionality of HRM Site Verify Apply Leave Functionality",
              "timedOut": null,
              "duration": 18694,
              "state": "passed",
              "speed": "slow",
              "pass": true,
              "fail": false,
              "pending": false,
              "context": null,
              "code": "cy.get(dashboardPageLocators.leaveModule).should('be.visible').click();\ncy.get(applyLeavePageLocators.applyTab).click({\n  force: true\n});\ncy.get(applyLeavePageLocators.leaveType).select('US - Personal');\nvar leaveDate = '2020-10-26';\ncy.get(applyLeavePageLocators.fromDate).clear().type(leaveDate);\ncy.get(applyLeavePageLocators.toDate).clear({\n  force: true\n}).type(leaveDate);\ncy.get(applyLeavePageLocators.commentsTextBox).click({\n  force: true\n}).type('Leave Apply Testing');\ncy.get(applyLeavePageLocators.applyButton).click();",
              "err": {},
              "uuid": "3ef93f72-3fd2-4b7a-ab26-df91af5eb22f",
              "parentUUID": "05edf23c-908d-481f-a5a5-caa248d54b10",
              "isHook": false,
              "skipped": false
            }
          ],
          "suites": [],
          "passes": [
            "3ef93f72-3fd2-4b7a-ab26-df91af5eb22f"
          ],
          "failures": [],
          "pending": [],
          "skipped": [],
          "duration": 18694,
          "root": false,
          "rootEmpty": false,
          "_timeout": 2000
        }
      ],
      "passes": [],
      "failures": [],
      "pending": [],
      "skipped": [],
      "duration": 0,
      "root": true,
      "rootEmpty": true,
      "_timeout": 2000
    },
    {
      "uuid": "8b0d381e-a05a-4594-9741-50c45b4b76d9",
      "title": "",
      "fullFile": "cypress\\integration\\UI_Automation_TestCases\\Delete_Employee_Functionality_TestCases\\TC_003_DeleteEmployeeFeature.spec.js",
      "file": "cypress\\integration\\UI_Automation_TestCases\\Delete_Employee_Functionality_TestCases\\TC_003_DeleteEmployeeFeature.spec.js",
      "beforeHooks": [],
      "afterHooks": [],
      "tests": [],
      "suites": [
        {
          "uuid": "e8668053-d408-467b-8334-242b3c178a62",
          "title": "Delete Employee Functionality of HRM Site",
          "fullFile": "",
          "file": "",
          "beforeHooks": [],
          "afterHooks": [],
          "tests": [
            {
              "title": "Verify Delete Employee Functionality",
              "fullTitle": "Delete Employee Functionality of HRM Site Verify Delete Employee Functionality",
              "timedOut": null,
              "duration": 17533,
              "state": "passed",
              "speed": "slow",
              "pass": true,
              "fail": false,
              "pending": false,
              "context": null,
              "code": "cy.get(dashboardPageLocators.pimModule).click();\ncy.get(dashboardPageLocators.employeeListTab).click({\n  force: true\n});\ncy.wait(2000);\ncy.get(employeeListPageLocators.employeeNameSearchTextbox).type(\"John Sam\");\ncy.get(employeeListPageLocators.searchButton).click();\ncy.get(deleteEmployeePageLocators.selectAllCheckbox).click();\ncy.get(deleteEmployeePageLocators.deleteButton).click();\ncy.get(deleteEmployeePageLocators.dialogOKButton).click();",
              "err": {},
              "uuid": "a5901082-2abc-4592-8852-7382337d802e",
              "parentUUID": "e8668053-d408-467b-8334-242b3c178a62",
              "isHook": false,
              "skipped": false
            }
          ],
          "suites": [],
          "passes": [
            "a5901082-2abc-4592-8852-7382337d802e"
          ],
          "failures": [],
          "pending": [],
          "skipped": [],
          "duration": 17533,
          "root": false,
          "rootEmpty": false,
          "_timeout": 2000
        }
      ],
      "passes": [],
      "failures": [],
      "pending": [],
      "skipped": [],
      "duration": 0,
      "root": true,
      "rootEmpty": true,
      "_timeout": 2000
    },
    {
      "uuid": "bfab2ee6-1738-4501-86d7-0953e7a80a3a",
      "title": "",
      "fullFile": "cypress\\integration\\UI_Automation_TestCases\\Login_Functionality_TestCases\\TC_001_LoginFeature.spec.js",
      "file": "cypress\\integration\\UI_Automation_TestCases\\Login_Functionality_TestCases\\TC_001_LoginFeature.spec.js",
      "beforeHooks": [],
      "afterHooks": [],
      "tests": [],
      "suites": [
        {
          "uuid": "90ee79cd-9c93-431f-9301-c00b3cbc628c",
          "title": "Login Functionality of HRM Site",
          "fullFile": "",
          "file": "",
          "beforeHooks": [],
          "afterHooks": [],
          "tests": [
            {
              "title": "Successful Login Functionality Verification",
              "fullTitle": "Login Functionality of HRM Site Successful Login Functionality Verification",
              "timedOut": null,
              "duration": 12582,
              "state": "passed",
              "speed": "slow",
              "pass": true,
              "fail": false,
              "pending": false,
              "context": null,
              "code": "cy.Login(appCredentials.validUsername, appCredentials.validPassword);\ncy.get(dashboardPageLocators.welcomeUserNameBanner).should(\"be.visible\").should('have.length.greaterThan', 0).click();\ncy.get(dashboardPageLocators.logoutButton).click();",
              "err": {},
              "uuid": "49896aa8-9722-4aa4-8328-79462543792c",
              "parentUUID": "90ee79cd-9c93-431f-9301-c00b3cbc628c",
              "isHook": false,
              "skipped": false
            },
            {
              "title": "Verification of error message display upon unsuccessful login",
              "fullTitle": "Login Functionality of HRM Site Verification of error message display upon unsuccessful login",
              "timedOut": null,
              "duration": 8829,
              "state": "failed",
              "speed": null,
              "pass": false,
              "fail": true,
              "pending": false,
              "context": "[\n  \"D:\\\\Gauge_Cypress Projects\\\\Cypress_HRM_DEMO\\\\cypress\\\\results\\\\assets/UI_Automation_TestCases\\\\Login_Functionality_TestCases\\\\TC_001_LoginFeature.spec.js/Login Functionality of HRM Site -- Verification of error message display upon unsuccessful login (failed).png\",\n  \"../videos/UI_Automation_TestCases\\\\Login_Functionality_TestCases\\\\TC_001_LoginFeature.spec.js.mp4\"\n]",
              "code": "cy.Login(appCredentials.invalidUsername, appCredentials.invalidPassword);\ncy.get(loginPageLocators.invalidCredentialsMessageSpan).should('be.visible').should('contain', \"Tester\");",
              "err": {
                "message": "AssertionError: Timed out retrying: expected '<span#spanMessage>' to contain 'Tester'",
                "estack": "AssertionError: Timed out retrying: expected '<span#spanMessage>' to contain 'Tester'\n    at Context.eval (https://opensource-demo.orangehrmlive.com/__cypress/tests?p=cypress\\integration\\UI_Automation_TestCases\\Login_Functionality_TestCases\\TC_001_LoginFeature.spec.js:128:82)",
                "diff": null
              },
              "uuid": "cadf4536-2391-44ce-a7e2-23ea09a8c40c",
              "parentUUID": "90ee79cd-9c93-431f-9301-c00b3cbc628c",
              "isHook": false,
              "skipped": false
            }
          ],
          "suites": [],
          "passes": [
            "49896aa8-9722-4aa4-8328-79462543792c"
          ],
          "failures": [
            "cadf4536-2391-44ce-a7e2-23ea09a8c40c"
          ],
          "pending": [],
          "skipped": [],
          "duration": 21411,
          "root": false,
          "rootEmpty": false,
          "_timeout": 2000
        }
      ],
      "passes": [],
      "failures": [],
      "pending": [],
      "skipped": [],
      "duration": 0,
      "root": true,
      "rootEmpty": true,
      "_timeout": 2000
    },
    {
      "uuid": "f8625a94-d339-4b54-91d8-97b5b8b290d6",
      "title": "",
      "fullFile": "cypress\\integration\\UI_Automation_TestCases\\Add_Employee_Functionality_TestCases\\TC_002_AddEmployeeFeature.spec.js",
      "file": "cypress\\integration\\UI_Automation_TestCases\\Add_Employee_Functionality_TestCases\\TC_002_AddEmployeeFeature.spec.js",
      "beforeHooks": [],
      "afterHooks": [],
      "tests": [],
      "suites": [
        {
          "uuid": "a04b3dca-0963-4ab9-bb10-b5a2a8962649",
          "title": "Add Employee Functionality of HRM Site",
          "fullFile": "",
          "file": "",
          "beforeHooks": [],
          "afterHooks": [],
          "tests": [
            {
              "title": "Verify Add Employee Functionality",
              "fullTitle": "Add Employee Functionality of HRM Site Verify Add Employee Functionality",
              "timedOut": null,
              "duration": 28056,
              "state": "passed",
              "speed": "slow",
              "pass": true,
              "fail": false,
              "pending": false,
              "context": null,
              "code": "cy.get(dashboardPageLocators.pimModule).should('be.visible').click();\ncy.get(addEmployeePageLocators.addEmployeeTab).click({\n  force: true\n});\nvar firstName = \"John\";\ncy.get(addEmployeePageLocators.firstNameTextbox).type(firstName);\nvar middleName = \"Sam\";\ncy.get(addEmployeePageLocators.middleNameTextbox).type(middleName);\ncy.get(addEmployeePageLocators.lastNameTextbox).type(utilityMethods.randomString(6, \"lowerCase\"));\ncy.get(addEmployeePageLocators.createLoginCheckbox).check();\ncy.get(addEmployeePageLocators.userNameTextbox).type(utilityMethods.randomString(6, \"lowerCase\"));\nvar password = utilityMethods.randomString(9, \"alphaNumeric\");\ncy.get(addEmployeePageLocators.passwordTextbox).type(password);\ncy.get(addEmployeePageLocators.confirmPasswordTextbox).type(password);\ncy.get(addEmployeePageLocators.statusDropdown).select(\"Enabled\");\ncy.get(addEmployeePageLocators.saveButton).should('be.visible').click();\ncy.get(dashboardPageLocators.pimModule).should('be.visible').click();\ncy.get(employeeListPageLocators.employeeListTab).click({\n  force: true\n});\ncy.wait(2000);\ncy.get(employeeListPageLocators.employeeNameSearchTextbox).type(firstName + \" \" + middleName);\ncy.get(employeeListPageLocators.searchButton).should('be.visible').click();\ncy.get(employeeListPageLocators.firstNameValueInFirstResult).should('be.visible').should('contain', firstName + \" \" + middleName);\ncy.get(dashboardPageLocators.welcomeUserNameBanner).should('be.visible').click();\ncy.get(dashboardPageLocators.logoutButton).click();",
              "err": {},
              "uuid": "542ba206-54b7-427f-938e-803e85fff7c0",
              "parentUUID": "a04b3dca-0963-4ab9-bb10-b5a2a8962649",
              "isHook": false,
              "skipped": false
            }
          ],
          "suites": [],
          "passes": [
            "542ba206-54b7-427f-938e-803e85fff7c0"
          ],
          "failures": [],
          "pending": [],
          "skipped": [],
          "duration": 28056,
          "root": false,
          "rootEmpty": false,
          "_timeout": 2000
        }
      ],
      "passes": [],
      "failures": [],
      "pending": [],
      "skipped": [],
      "duration": 0,
      "root": true,
      "rootEmpty": true,
      "_timeout": 2000
    }
  ],
  "meta": {
    "mocha": {
      "version": "7.0.1"
    },
    "mochawesome": {
      "options": {
        "quiet": false,
        "reportFilename": "mochawesome",
        "saveHtml": false,
        "saveJson": true,
        "consoleReporter": "spec",
        "useInlineDiffs": false,
        "code": true
      },
      "version": "6.1.1"
    },
    "marge": {
      "options": {
        "reportDir": "cypress/results/specs",
        "overwrite": false,
        "html": false,
        "json": true
      },
      "version": "5.1.0"
    }
  }
}