{
  "stats": {
    "suites": 1,
    "tests": 1,
    "passes": 0,
    "pending": 0,
    "failures": 1,
    "start": "2020-10-14T10:12:59.550Z",
    "end": "2020-10-14T10:13:20.463Z",
    "duration": 20913,
    "testsRegistered": 1,
    "passPercent": 0,
    "pendingPercent": 0,
    "other": 0,
    "hasOther": false,
    "skipped": 0,
    "hasSkipped": false
  },
  "results": [
    {
      "uuid": "58a88155-5cfb-4073-ac91-d14b41e9b938",
      "title": "",
      "fullFile": "cypress\\integration\\UI_Automation_TestCases\\Radio_Button_TestCases copy\\TC_004_RadioButton.spec.js",
      "file": "cypress\\integration\\UI_Automation_TestCases\\Radio_Button_TestCases copy\\TC_004_RadioButton.spec.js",
      "beforeHooks": [],
      "afterHooks": [],
      "tests": [],
      "suites": [
        {
          "uuid": "2a0d2845-21bd-497d-937e-9661868f2be9",
          "title": "Radio Button Actions",
          "fullFile": "",
          "file": "",
          "beforeHooks": [],
          "afterHooks": [],
          "tests": [
            {
              "title": "Clicking on Radio button",
              "fullTitle": "Radio Button Actions Clicking on Radio button",
              "timedOut": null,
              "duration": 17593,
              "state": "failed",
              "speed": null,
              "pass": false,
              "fail": true,
              "pending": false,
              "context": "[\n  \"D:\\\\POC_Github_Integration\\\\Cypress_HRM_DEMO\\\\cypress\\\\results\\\\assets/UI_Automation_TestCases\\\\Radio_Button_TestCases copy\\\\TC_004_RadioButton.spec.js/Radio Button Actions -- Clicking on Radio button (failed).png\",\n  \"../videos/UI_Automation_TestCases\\\\Radio_Button_TestCases copy\\\\TC_004_RadioButton.spec.js.mp4\"\n]",
              "code": "//Filling the form with all the feilds\ncy.get(radiobuttonLocators.firstNameTextbox).type(utilityMethods.randomString(\"5\", \"lowerCase\"));\ncy.get(radiobuttonLocators.lastNameTextbox).type(utilityMethods.randomString(\"8\", \"upperCase\"));\ncy.get(radiobuttonLocators.userEmailTextbox).type(utilityMethods.randomString(\"4\", \"lowerCase\") + '@gmail.com');\ncy.get(radiobuttonLocators.maleRadiobutton).click();\ncy.get(radiobuttonLocators.userNumberTextbox).type(utilityMethods.randomString(\"10\", \"numeric\"));\ncy.get(radiobuttonLocators.dateOfBirthTextbox).click();\ncy.get(radiobuttonLocators.monthSelectorDropdown).select('February');\ncy.get(radiobuttonLocators.yearSelectorDropdown).select('1994');\ncy.get(radiobuttonLocators.dateValue).click();\nvar subjects = [\"Maths\", \"Physics\"];\nfor (var i = 0; i < subjects.length; i++) {\n  cy.get(radiobuttonLocators.subjectTextbox).type(subjects[i] + \"{enter}\");\n}\ncy.get(radiobuttonLocators.hobbiesCheckbox).click();\ncy.get(radiobuttonLocators.addressTextbox).type(utilityMethods.randomString(\"8\", \"lowerCase\"));\ncy.get(radiobuttonLocators.stateDropdown).type('Rajas{enter}');\ncy.get(radiobuttonLocators.cityDropdown).type('Jai{enter}'); //Submitting the Filled form\ncy.get(radiobuttonLocators.submitButton).click(); //Validating the Success Message of the form\ncy.get(radiobuttonLocators.successMessageHeader).should('contain', 'Successful'); //Closing the Popup Window\ncy.get(radiobuttonLocators.closeButton).click();",
              "err": {
                "message": "AssertionError: Timed out retrying: expected '<div.modal-header>' to contain 'Successful'",
                "estack": "AssertionError: Timed out retrying: expected '<div.modal-header>' to contain 'Successful'\n    at Context.eval (eval at <anonymous> (https://www.demoqa.com/__cypress/runner/cypress_runner.js:175991:16), <anonymous>:136:54)",
                "diff": null
              },
              "uuid": "923d1725-da60-443e-be28-1e14c1283019",
              "parentUUID": "2a0d2845-21bd-497d-937e-9661868f2be9",
              "isHook": false,
              "skipped": false
            }
          ],
          "suites": [],
          "passes": [],
          "failures": [
            "923d1725-da60-443e-be28-1e14c1283019"
          ],
          "pending": [],
          "skipped": [],
          "duration": 17593,
          "root": false,
          "rootEmpty": false,
          "_timeout": 2000
        }
      ],
      "passes": [],
      "failures": [],
      "pending": [],
      "skipped": [],
      "duration": 0,
      "root": true,
      "rootEmpty": true,
      "_timeout": 2000
    }
  ],
  "meta": {
    "mocha": {
      "version": "7.0.1"
    },
    "mochawesome": {
      "options": {
        "quiet": false,
        "reportFilename": "mochawesome",
        "saveHtml": false,
        "saveJson": true,
        "consoleReporter": "spec",
        "useInlineDiffs": false,
        "code": true
      },
      "version": "6.1.1"
    },
    "marge": {
      "options": {
        "reportDir": "cypress/results/specs",
        "overwrite": false,
        "html": false,
        "json": true
      },
      "version": "5.1.0"
    }
  }
}