{
  "stats": {
    "suites": 1,
    "tests": 2,
    "passes": 1,
    "pending": 0,
    "failures": 1,
    "start": "2020-10-21T11:34:22.617Z",
    "end": "2020-10-21T11:34:44.407Z",
    "duration": 21790,
    "testsRegistered": 2,
    "passPercent": 50,
    "pendingPercent": 0,
    "other": 0,
    "hasOther": false,
    "skipped": 0,
    "hasSkipped": false
  },
  "results": [
    {
      "uuid": "bfab2ee6-1738-4501-86d7-0953e7a80a3a",
      "title": "",
      "fullFile": "cypress\\integration\\UI_Automation_TestCases\\Login_Functionality_TestCases\\TC_001_LoginFeature.spec.js",
      "file": "cypress\\integration\\UI_Automation_TestCases\\Login_Functionality_TestCases\\TC_001_LoginFeature.spec.js",
      "beforeHooks": [],
      "afterHooks": [],
      "tests": [],
      "suites": [
        {
          "uuid": "90ee79cd-9c93-431f-9301-c00b3cbc628c",
          "title": "Login Functionality of HRM Site",
          "fullFile": "",
          "file": "",
          "beforeHooks": [],
          "afterHooks": [],
          "tests": [
            {
              "title": "Successful Login Functionality Verification",
              "fullTitle": "Login Functionality of HRM Site Successful Login Functionality Verification",
              "timedOut": null,
              "duration": 12582,
              "state": "passed",
              "speed": "slow",
              "pass": true,
              "fail": false,
              "pending": false,
              "context": null,
              "code": "cy.Login(appCredentials.validUsername, appCredentials.validPassword);\ncy.get(dashboardPageLocators.welcomeUserNameBanner).should(\"be.visible\").should('have.length.greaterThan', 0).click();\ncy.get(dashboardPageLocators.logoutButton).click();",
              "err": {},
              "uuid": "49896aa8-9722-4aa4-8328-79462543792c",
              "parentUUID": "90ee79cd-9c93-431f-9301-c00b3cbc628c",
              "isHook": false,
              "skipped": false
            },
            {
              "title": "Verification of error message display upon unsuccessful login",
              "fullTitle": "Login Functionality of HRM Site Verification of error message display upon unsuccessful login",
              "timedOut": null,
              "duration": 8829,
              "state": "failed",
              "speed": null,
              "pass": false,
              "fail": true,
              "pending": false,
              "context": "[\n  \"D:\\\\Gauge_Cypress Projects\\\\Cypress_HRM_DEMO\\\\cypress\\\\results\\\\assets/UI_Automation_TestCases\\\\Login_Functionality_TestCases\\\\TC_001_LoginFeature.spec.js/Login Functionality of HRM Site -- Verification of error message display upon unsuccessful login (failed).png\",\n  \"../videos/UI_Automation_TestCases\\\\Login_Functionality_TestCases\\\\TC_001_LoginFeature.spec.js.mp4\"\n]",
              "code": "cy.Login(appCredentials.invalidUsername, appCredentials.invalidPassword);\ncy.get(loginPageLocators.invalidCredentialsMessageSpan).should('be.visible').should('contain', \"Tester\");",
              "err": {
                "message": "AssertionError: Timed out retrying: expected '<span#spanMessage>' to contain 'Tester'",
                "estack": "AssertionError: Timed out retrying: expected '<span#spanMessage>' to contain 'Tester'\n    at Context.eval (https://opensource-demo.orangehrmlive.com/__cypress/tests?p=cypress\\integration\\UI_Automation_TestCases\\Login_Functionality_TestCases\\TC_001_LoginFeature.spec.js:128:82)",
                "diff": null
              },
              "uuid": "cadf4536-2391-44ce-a7e2-23ea09a8c40c",
              "parentUUID": "90ee79cd-9c93-431f-9301-c00b3cbc628c",
              "isHook": false,
              "skipped": false
            }
          ],
          "suites": [],
          "passes": [
            "49896aa8-9722-4aa4-8328-79462543792c"
          ],
          "failures": [
            "cadf4536-2391-44ce-a7e2-23ea09a8c40c"
          ],
          "pending": [],
          "skipped": [],
          "duration": 21411,
          "root": false,
          "rootEmpty": false,
          "_timeout": 2000
        }
      ],
      "passes": [],
      "failures": [],
      "pending": [],
      "skipped": [],
      "duration": 0,
      "root": true,
      "rootEmpty": true,
      "_timeout": 2000
    }
  ],
  "meta": {
    "mocha": {
      "version": "7.0.1"
    },
    "mochawesome": {
      "options": {
        "quiet": false,
        "reportFilename": "mochawesome",
        "saveHtml": false,
        "saveJson": true,
        "consoleReporter": "spec",
        "useInlineDiffs": false,
        "code": true
      },
      "version": "6.1.1"
    },
    "marge": {
      "options": {
        "reportDir": "cypress/results/specs",
        "overwrite": false,
        "html": false,
        "json": true
      },
      "version": "5.1.0"
    }
  }
}