{
  "stats": {
    "suites": 1,
    "tests": 4,
    "passes": 4,
    "pending": 0,
    "failures": 0,
    "start": "2020-10-14T10:10:42.491Z",
    "end": "2020-10-14T10:10:45.890Z",
    "duration": 3399,
    "testsRegistered": 4,
    "passPercent": 100,
    "pendingPercent": 0,
    "other": 0,
    "hasOther": false,
    "skipped": 0,
    "hasSkipped": false
  },
  "results": [
    {
      "uuid": "b25a45da-98e9-4ccd-9fcb-0faa25960e1f",
      "title": "",
      "fullFile": "cypress\\integration\\API_TestCases\\API_Automation_TestCases\\TC_005_API_Automation_TestCases.spec.js",
      "file": "cypress\\integration\\API_TestCases\\API_Automation_TestCases\\TC_005_API_Automation_TestCases.spec.js",
      "beforeHooks": [],
      "afterHooks": [],
      "tests": [],
      "suites": [
        {
          "uuid": "49242258-8a01-4926-8081-9d9ae4253494",
          "title": "API Automation Test Cases",
          "fullFile": "",
          "file": "",
          "beforeHooks": [],
          "afterHooks": [],
          "tests": [
            {
              "title": "GET Request to fetch the list of users",
              "fullTitle": "API Automation Test Cases GET Request to fetch the list of users",
              "timedOut": null,
              "duration": 2003,
              "state": "passed",
              "speed": "slow",
              "pass": true,
              "fail": false,
              "pending": false,
              "context": null,
              "code": "//Fetching the List of Users\ncy.request('GET', \"api/users\").then(function (response) {\n  //Validating the Response Status\n  expect(response.status).equal(200); //Validating the firstname \n  expect(response.body.data[1].last_name).equal(\"Weaver\");\n});",
              "err": {},
              "uuid": "59d2bd73-7896-4bad-adb5-a9804e307b20",
              "parentUUID": "49242258-8a01-4926-8081-9d9ae4253494",
              "isHook": false,
              "skipped": false
            },
            {
              "title": "POST Request to create new user",
              "fullTitle": "API Automation Test Cases POST Request to create new user",
              "timedOut": null,
              "duration": 470,
              "state": "passed",
              "speed": "slow",
              "pass": true,
              "fail": false,
              "pending": false,
              "context": null,
              "code": "//Creating Random jobtitle required for Test\nvar jobTitle = utilityMethods.randomString(6, \"upperCase\"); //Creating the new user and Validating the Response\nvar newUser = {\n  \"name\": userName,\n  \"job\": jobTitle\n};\ncy.request('POST', \"api/users\", newUser).then(function (response) {\n  expect(response.status).equal(201);\n  expect(response.body.name).equal(userName);\n  userID = response.body.id;\n});",
              "err": {},
              "uuid": "35261c50-b753-4431-ab91-503aeb3c077c",
              "parentUUID": "49242258-8a01-4926-8081-9d9ae4253494",
              "isHook": false,
              "skipped": false
            },
            {
              "title": "PUT Request to update the job title for existing user",
              "fullTitle": "API Automation Test Cases PUT Request to update the job title for existing user",
              "timedOut": null,
              "duration": 399,
              "state": "passed",
              "speed": "slow",
              "pass": true,
              "fail": false,
              "pending": false,
              "context": null,
              "code": "//Creating Random jobtitle required for Test\nvar newJobTitle = utilityMethods.randomString(8, \"upperCase\");\nvar existingUser = {\n  \"name\": userName,\n  \"job\": newJobTitle\n};\ncy.request('PUT', \"api/users\", existingUser).then(function (response) {\n  expect(response.status).equal(200);\n  expect(response.body.name).equal(userName);\n  expect(response.body.job).equal(newJobTitle);\n});",
              "err": {},
              "uuid": "cc7826a5-cd8b-4602-b269-4d355c5223db",
              "parentUUID": "49242258-8a01-4926-8081-9d9ae4253494",
              "isHook": false,
              "skipped": false
            },
            {
              "title": "DELETE Request to deleted the created user",
              "fullTitle": "API Automation Test Cases DELETE Request to deleted the created user",
              "timedOut": null,
              "duration": 444,
              "state": "passed",
              "speed": "slow",
              "pass": true,
              "fail": false,
              "pending": false,
              "context": null,
              "code": "cy.request('DELETE', \"api/users/\" + userID).then(function (response) {\n  expect(response.status).equal(204);\n});",
              "err": {},
              "uuid": "45d87e98-576b-48b9-aef5-280bb335e082",
              "parentUUID": "49242258-8a01-4926-8081-9d9ae4253494",
              "isHook": false,
              "skipped": false
            }
          ],
          "suites": [],
          "passes": [
            "59d2bd73-7896-4bad-adb5-a9804e307b20",
            "35261c50-b753-4431-ab91-503aeb3c077c",
            "cc7826a5-cd8b-4602-b269-4d355c5223db",
            "45d87e98-576b-48b9-aef5-280bb335e082"
          ],
          "failures": [],
          "pending": [],
          "skipped": [],
          "duration": 3316,
          "root": false,
          "rootEmpty": false,
          "_timeout": 2000
        }
      ],
      "passes": [],
      "failures": [],
      "pending": [],
      "skipped": [],
      "duration": 0,
      "root": true,
      "rootEmpty": true,
      "_timeout": 2000
    }
  ],
  "meta": {
    "mocha": {
      "version": "7.0.1"
    },
    "mochawesome": {
      "options": {
        "quiet": false,
        "reportFilename": "mochawesome",
        "saveHtml": false,
        "saveJson": true,
        "consoleReporter": "spec",
        "useInlineDiffs": false,
        "code": true
      },
      "version": "6.1.1"
    },
    "marge": {
      "options": {
        "reportDir": "cypress/results/specs",
        "overwrite": false,
        "html": false,
        "json": true
      },
      "version": "5.1.0"
    }
  }
}