{
  "stats": {
    "suites": 1,
    "tests": 1,
    "passes": 1,
    "pending": 0,
    "failures": 0,
    "start": "2020-10-21T11:32:48.500Z",
    "end": "2020-10-21T11:33:16.691Z",
    "duration": 28191,
    "testsRegistered": 1,
    "passPercent": 100,
    "pendingPercent": 0,
    "other": 0,
    "hasOther": false,
    "skipped": 0,
    "hasSkipped": false
  },
  "results": [
    {
      "uuid": "f8625a94-d339-4b54-91d8-97b5b8b290d6",
      "title": "",
      "fullFile": "cypress\\integration\\UI_Automation_TestCases\\Add_Employee_Functionality_TestCases\\TC_002_AddEmployeeFeature.spec.js",
      "file": "cypress\\integration\\UI_Automation_TestCases\\Add_Employee_Functionality_TestCases\\TC_002_AddEmployeeFeature.spec.js",
      "beforeHooks": [],
      "afterHooks": [],
      "tests": [],
      "suites": [
        {
          "uuid": "a04b3dca-0963-4ab9-bb10-b5a2a8962649",
          "title": "Add Employee Functionality of HRM Site",
          "fullFile": "",
          "file": "",
          "beforeHooks": [],
          "afterHooks": [],
          "tests": [
            {
              "title": "Verify Add Employee Functionality",
              "fullTitle": "Add Employee Functionality of HRM Site Verify Add Employee Functionality",
              "timedOut": null,
              "duration": 28056,
              "state": "passed",
              "speed": "slow",
              "pass": true,
              "fail": false,
              "pending": false,
              "context": null,
              "code": "cy.get(dashboardPageLocators.pimModule).should('be.visible').click();\ncy.get(addEmployeePageLocators.addEmployeeTab).click({\n  force: true\n});\nvar firstName = \"John\";\ncy.get(addEmployeePageLocators.firstNameTextbox).type(firstName);\nvar middleName = \"Sam\";\ncy.get(addEmployeePageLocators.middleNameTextbox).type(middleName);\ncy.get(addEmployeePageLocators.lastNameTextbox).type(utilityMethods.randomString(6, \"lowerCase\"));\ncy.get(addEmployeePageLocators.createLoginCheckbox).check();\ncy.get(addEmployeePageLocators.userNameTextbox).type(utilityMethods.randomString(6, \"lowerCase\"));\nvar password = utilityMethods.randomString(9, \"alphaNumeric\");\ncy.get(addEmployeePageLocators.passwordTextbox).type(password);\ncy.get(addEmployeePageLocators.confirmPasswordTextbox).type(password);\ncy.get(addEmployeePageLocators.statusDropdown).select(\"Enabled\");\ncy.get(addEmployeePageLocators.saveButton).should('be.visible').click();\ncy.get(dashboardPageLocators.pimModule).should('be.visible').click();\ncy.get(employeeListPageLocators.employeeListTab).click({\n  force: true\n});\ncy.wait(2000);\ncy.get(employeeListPageLocators.employeeNameSearchTextbox).type(firstName + \" \" + middleName);\ncy.get(employeeListPageLocators.searchButton).should('be.visible').click();\ncy.get(employeeListPageLocators.firstNameValueInFirstResult).should('be.visible').should('contain', firstName + \" \" + middleName);\ncy.get(dashboardPageLocators.welcomeUserNameBanner).should('be.visible').click();\ncy.get(dashboardPageLocators.logoutButton).click();",
              "err": {},
              "uuid": "542ba206-54b7-427f-938e-803e85fff7c0",
              "parentUUID": "a04b3dca-0963-4ab9-bb10-b5a2a8962649",
              "isHook": false,
              "skipped": false
            }
          ],
          "suites": [],
          "passes": [
            "542ba206-54b7-427f-938e-803e85fff7c0"
          ],
          "failures": [],
          "pending": [],
          "skipped": [],
          "duration": 28056,
          "root": false,
          "rootEmpty": false,
          "_timeout": 2000
        }
      ],
      "passes": [],
      "failures": [],
      "pending": [],
      "skipped": [],
      "duration": 0,
      "root": true,
      "rootEmpty": true,
      "_timeout": 2000
    }
  ],
  "meta": {
    "mocha": {
      "version": "7.0.1"
    },
    "mochawesome": {
      "options": {
        "quiet": false,
        "reportFilename": "mochawesome",
        "saveHtml": false,
        "saveJson": true,
        "consoleReporter": "spec",
        "useInlineDiffs": false,
        "code": true
      },
      "version": "6.1.1"
    },
    "marge": {
      "options": {
        "reportDir": "cypress/results/specs",
        "overwrite": false,
        "html": false,
        "json": true
      },
      "version": "5.1.0"
    }
  }
}