{
  "stats": {
    "suites": 1,
    "tests": 1,
    "passes": 1,
    "pending": 0,
    "failures": 0,
    "start": "2020-10-21T11:33:56.369Z",
    "end": "2020-10-21T11:34:14.023Z",
    "duration": 17654,
    "testsRegistered": 1,
    "passPercent": 100,
    "pendingPercent": 0,
    "other": 0,
    "hasOther": false,
    "skipped": 0,
    "hasSkipped": false
  },
  "results": [
    {
      "uuid": "8b0d381e-a05a-4594-9741-50c45b4b76d9",
      "title": "",
      "fullFile": "cypress\\integration\\UI_Automation_TestCases\\Delete_Employee_Functionality_TestCases\\TC_003_DeleteEmployeeFeature.spec.js",
      "file": "cypress\\integration\\UI_Automation_TestCases\\Delete_Employee_Functionality_TestCases\\TC_003_DeleteEmployeeFeature.spec.js",
      "beforeHooks": [],
      "afterHooks": [],
      "tests": [],
      "suites": [
        {
          "uuid": "e8668053-d408-467b-8334-242b3c178a62",
          "title": "Delete Employee Functionality of HRM Site",
          "fullFile": "",
          "file": "",
          "beforeHooks": [],
          "afterHooks": [],
          "tests": [
            {
              "title": "Verify Delete Employee Functionality",
              "fullTitle": "Delete Employee Functionality of HRM Site Verify Delete Employee Functionality",
              "timedOut": null,
              "duration": 17533,
              "state": "passed",
              "speed": "slow",
              "pass": true,
              "fail": false,
              "pending": false,
              "context": null,
              "code": "cy.get(dashboardPageLocators.pimModule).click();\ncy.get(dashboardPageLocators.employeeListTab).click({\n  force: true\n});\ncy.wait(2000);\ncy.get(employeeListPageLocators.employeeNameSearchTextbox).type(\"John Sam\");\ncy.get(employeeListPageLocators.searchButton).click();\ncy.get(deleteEmployeePageLocators.selectAllCheckbox).click();\ncy.get(deleteEmployeePageLocators.deleteButton).click();\ncy.get(deleteEmployeePageLocators.dialogOKButton).click();",
              "err": {},
              "uuid": "a5901082-2abc-4592-8852-7382337d802e",
              "parentUUID": "e8668053-d408-467b-8334-242b3c178a62",
              "isHook": false,
              "skipped": false
            }
          ],
          "suites": [],
          "passes": [
            "a5901082-2abc-4592-8852-7382337d802e"
          ],
          "failures": [],
          "pending": [],
          "skipped": [],
          "duration": 17533,
          "root": false,
          "rootEmpty": false,
          "_timeout": 2000
        }
      ],
      "passes": [],
      "failures": [],
      "pending": [],
      "skipped": [],
      "duration": 0,
      "root": true,
      "rootEmpty": true,
      "_timeout": 2000
    }
  ],
  "meta": {
    "mocha": {
      "version": "7.0.1"
    },
    "mochawesome": {
      "options": {
        "quiet": false,
        "reportFilename": "mochawesome",
        "saveHtml": false,
        "saveJson": true,
        "consoleReporter": "spec",
        "useInlineDiffs": false,
        "code": true
      },
      "version": "6.1.1"
    },
    "marge": {
      "options": {
        "reportDir": "cypress/results/specs",
        "overwrite": false,
        "html": false,
        "json": true
      },
      "version": "5.1.0"
    }
  }
}