{
  "stats": {
    "suites": 1,
    "tests": 1,
    "passes": 1,
    "pending": 0,
    "failures": 0,
    "start": "2020-10-21T11:33:29.371Z",
    "end": "2020-10-21T11:33:48.204Z",
    "duration": 18833,
    "testsRegistered": 1,
    "passPercent": 100,
    "pendingPercent": 0,
    "other": 0,
    "hasOther": false,
    "skipped": 0,
    "hasSkipped": false
  },
  "results": [
    {
      "uuid": "6027f318-e206-494c-8e48-1f3e31ad7f33",
      "title": "",
      "fullFile": "cypress\\integration\\UI_Automation_TestCases\\Apply_Employee_Functionality_TestCases\\TC_004_ApplyLeaveFeature.spec.js",
      "file": "cypress\\integration\\UI_Automation_TestCases\\Apply_Employee_Functionality_TestCases\\TC_004_ApplyLeaveFeature.spec.js",
      "beforeHooks": [],
      "afterHooks": [],
      "tests": [],
      "suites": [
        {
          "uuid": "05edf23c-908d-481f-a5a5-caa248d54b10",
          "title": "Apply Leave Functionality of HRM Site",
          "fullFile": "",
          "file": "",
          "beforeHooks": [],
          "afterHooks": [],
          "tests": [
            {
              "title": "Verify Apply Leave Functionality",
              "fullTitle": "Apply Leave Functionality of HRM Site Verify Apply Leave Functionality",
              "timedOut": null,
              "duration": 18694,
              "state": "passed",
              "speed": "slow",
              "pass": true,
              "fail": false,
              "pending": false,
              "context": null,
              "code": "cy.get(dashboardPageLocators.leaveModule).should('be.visible').click();\ncy.get(applyLeavePageLocators.applyTab).click({\n  force: true\n});\ncy.get(applyLeavePageLocators.leaveType).select('US - Personal');\nvar leaveDate = '2020-10-26';\ncy.get(applyLeavePageLocators.fromDate).clear().type(leaveDate);\ncy.get(applyLeavePageLocators.toDate).clear({\n  force: true\n}).type(leaveDate);\ncy.get(applyLeavePageLocators.commentsTextBox).click({\n  force: true\n}).type('Leave Apply Testing');\ncy.get(applyLeavePageLocators.applyButton).click();",
              "err": {},
              "uuid": "3ef93f72-3fd2-4b7a-ab26-df91af5eb22f",
              "parentUUID": "05edf23c-908d-481f-a5a5-caa248d54b10",
              "isHook": false,
              "skipped": false
            }
          ],
          "suites": [],
          "passes": [
            "3ef93f72-3fd2-4b7a-ab26-df91af5eb22f"
          ],
          "failures": [],
          "pending": [],
          "skipped": [],
          "duration": 18694,
          "root": false,
          "rootEmpty": false,
          "_timeout": 2000
        }
      ],
      "passes": [],
      "failures": [],
      "pending": [],
      "skipped": [],
      "duration": 0,
      "root": true,
      "rootEmpty": true,
      "_timeout": 2000
    }
  ],
  "meta": {
    "mocha": {
      "version": "7.0.1"
    },
    "mochawesome": {
      "options": {
        "quiet": false,
        "reportFilename": "mochawesome",
        "saveHtml": false,
        "saveJson": true,
        "consoleReporter": "spec",
        "useInlineDiffs": false,
        "code": true
      },
      "version": "6.1.1"
    },
    "marge": {
      "options": {
        "reportDir": "cypress/results/specs",
        "overwrite": false,
        "html": false,
        "json": true
      },
      "version": "5.1.0"
    }
  }
}